<?xml version="1.0" encoding="UTF-8"?>
<robot generator="Robot 4.1 (Python 3.9.6 on darwin)" generated="20210912 13:41:22.641" rpa="false" schemaversion="2">
<suite id="s1" name="Buy Police Life" source="/Users/laylla.rodrigues/testes_tecnicos/spec/web_test/buy_police_life.robot">
<test id="s1-t1" name="Cotando life">
<kw name="Nova sessão" type="SETUP">
<msg timestamp="20210912 13:41:22.951" level="FAIL">No keyword with name 'Nova sessão' found.</msg>
<status status="FAIL" starttime="20210912 13:41:22.950" endtime="20210912 13:41:22.951"/>
</kw>
<kw name="Encerra sessão" type="TEARDOWN">
<msg timestamp="20210912 13:41:22.959" level="FAIL">No keyword with name 'Encerra sessão' found.</msg>
<status status="FAIL" starttime="20210912 13:41:22.958" endtime="20210912 13:41:22.959">No keyword with name 'Encerra sessão' found.</status>
</kw>
<status status="FAIL" starttime="20210912 13:41:22.941" endtime="20210912 13:41:22.962">Setup failed:
No keyword with name 'Nova sessão' found.

Also teardown failed:
No keyword with name 'Encerra sessão' found.</status>
</test>
<doc>Suíte de testes de compra de seguro life</doc>
<status status="FAIL" starttime="20210912 13:41:22.725" endtime="20210912 13:41:22.991"/>
</suite>
<statistics>
<total>
<stat pass="0" fail="1" skip="0">All Tests</stat>
</total>
<tag>
</tag>
<suite>
<stat pass="0" fail="1" skip="0" id="s1" name="Buy Police Life">Buy Police Life</stat>
</suite>
</statistics>
<errors>
<msg timestamp="20210912 13:41:22.750" level="ERROR">Error in file '/Users/laylla.rodrigues/testes_tecnicos/spec/web_test/buy_police_life.robot' on line 3: Resource file '/Users/laylla.rodrigues/testes_tecnicos/spec/web_test/resources/base.robot' does not exist.</msg>
<msg timestamp="20210912 13:41:22.751" level="ERROR">Error in file '/Users/laylla.rodrigues/testes_tecnicos/spec/web_test/buy_police_life.robot' on line 4: Resource file '/Users/laylla.rodrigues/testes_tecnicos/spec/web_test/resources/actions/life.robot' does not exist.</msg>
<msg timestamp="20210912 13:41:22.751" level="ERROR">Error in file '/Users/laylla.rodrigues/testes_tecnicos/spec/web_test/buy_police_life.robot' on line 5: Resource file '/Users/laylla.rodrigues/testes_tecnicos/spec/web_test/resources/Steps.robot' does not exist.</msg>
</errors>
</robot>
