<?xml version="1.0" encoding="UTF-8"?>
<robot generator="Robot 4.1 (Python 3.9.6 on darwin)" generated="20210909 19:27:06.843" rpa="false" schemaversion="2">
<suite id="s1" name="List Specific Character" source="/Users/laylla.rodrigues/testes_tecnicos/spec/list_specific_character.robot">
<test id="s1-t1" name="Listando personagem especifico">
<kw name="Listando personagem especifico" library="Steps">
<kw name="GET" library="RequestsLibrary">
<var>${RespostaId}</var>
<arg>${host}/${characterId}${ID}</arg>
<arg>${headers}</arg>
<doc>Sends a GET request.</doc>
<msg timestamp="20210909 19:27:07.980" level="INFO">GET Request : url=https://gateway.marvel.com//v1/public/characters/1009368?ts=1631150721003&amp;apikey=e9e22f92431df9f73920f281caabb68c&amp;hash=f0b3298fa4957047893445f8d19881b8 
 path_url=//v1/public/characters/1009368?ts=1631150721003&amp;apikey=e9e22f92431df9f73920f281caabb68c&amp;hash=f0b3298fa4957047893445f8d19881b8 
 headers={'User-Agent': 'python-requests/2.26.0', 'Accept-Encoding': 'gzip, deflate', 'Accept': '*/*', 'Connection': 'keep-alive'} 
 body=None 
 </msg>
<msg timestamp="20210909 19:27:07.980" level="INFO">GET Response : url=https://gateway.marvel.com//v1/public/characters/1009368?ts=1631150721003&amp;apikey=e9e22f92431df9f73920f281caabb68c&amp;hash=f0b3298fa4957047893445f8d19881b8 
 status=200, reason=OK 
 headers={'Content-Encoding': 'gzip', 'ETag': '8550958032eaf32f275ed6fec6b35f7d5f4020f6', 'Content-Type': 'application/json; charset=utf-8', 'Date': 'Thu, 09 Sep 2021 22:29:42 GMT', 'Connection': 'keep-alive', 'Transfer-Encoding': 'chunked'} 
 body={"code":200,"status":"Ok","copyright":"© 2021 MARVEL","attributionText":"Data provided by Marvel. © 2021 MARVEL","attributionHTML":"&lt;a href=\"http://marvel.com\"&gt;Data provided by Marvel. © 2021 MARVEL&lt;/a&gt;","etag":"8550958032eaf32f275ed6fec6b35f7d5f4020f6","data":{"offset":0,"limit":20,"total":1,"count":1,"results":[{"id":1009368,"name":"Iron Man","description":"Wounded, captured and forced to build a weapon by his enemies, billionaire industrialist Tony Stark instead created an advanced suit of armor to save his life and escape captivity. Now with a new outlook on life, Tony uses his money and intelligence to make the world a safer, better place as Iron Man.","modified":"2016-09-28T12:08:19-0400","thumbnail":{"path":"http://i.annihil.us/u/prod/marvel/i/mg/9/c0/527bb7b37ff55","extension":"jpg"},"resourceURI":"http://gateway.marvel.com/v1/public/characters/1009368","comics":{"available":2584,"collectionURI":"http://gateway.marvel.com/v1/public/characters/1009368/comics","items":[{"resourceURI":"http://gateway.marvel.com/v1/public/comics/43495","name":"A+X (2012) #2"},{"resourceURI":"http://gateway.marvel.com/v1/public/comics/43506","name":"A+X (2012) #7"},{"resourceURI":"http://gateway.marvel.com/v1/public/comics/22461","name":"Adam: Legend of the Blue Marvel (2008) #1"},{"resourceURI":"http://gateway.marvel.com/v1/public/comics/22856","name":"Adam: Legend of the Blue Marvel (2008) #2"},{"resourceURI":"http://gateway.marvel.com/v1/public/comics/23733","name":"Adam: Legend of the Blue Marvel (2008) #5"},{"resourceURI":"http://gateway.marvel.com/v1/public/comics/76359","name":"Aero (2019) #11"},{"resourceURI":"http://gateway.marvel.com/v1/public/comics/76360","name":"Aero (2019) #12"},{"resourceURI":"http://gateway.marvel.com/v1/public/comics/30090","name":"Age of Heroes (2010) #1"},{"resourceURI":"http://gateway.marvel.com/v1/public/comics/33566","name":"Age of Heroes (2010) #2"},{"resourceURI":"http://gateway.marvel.com/v1/public/comics/30092","name":"Age of Heroes (2010) #3"},{"resourceURI":"http://gateway.marvel.com/v1/public/comics/30093","name":"Age of Heroes (2010) #4"},{"resourceURI":"http://gateway.marvel.com/v1/public/comics/67603","name":"Age of Innocence: The Rebirth of Iron Man (1996) #1"},{"resourceURI":"http://gateway.marvel.com/v1/public/comics/38524","name":"Age of X: Universe (2011) #1"},{"resourceURI":"http://gateway.marvel.com/v1/public/comics/38523","name":"Age of X: Universe (2011) #2"},{"resourceURI":"http://gateway.marvel.com/v1/public/comics/21280","name":"All-New Iron Manual (2008) #1"},{"resourceURI":"http://gateway.marvel.com/v1/public/comics/55363","name":"All-New, All-Different Avengers (2015) #10"},{"resourceURI":"http://gateway.marvel.com/v1/public/comics/55364","name":"All-New, All-Different Avengers (2015) #11"},{"resourceURI":"http://gateway.marvel.com/v1/public/comics/12653","name":"Alpha Flight (1983) #113"},{"resourceURI":"http://gateway.marvel.com/v1/public/comics/12668","name":"Alpha Flight (1983) #127"},{"resourceURI":"http://gateway.marvel.com/v1/public/comics/55311","name":"The Amazing Spider-Man (2015) #13"}],"returned":20},"series":{"available":633,"collectionURI":"http://gateway.marvel.com/v1/public/characters/1009368/series","items":[{"resourceURI":"http://gateway.marvel.com/v1/public/series/16450","name":"A+X (2012 - 2014)"},{"resourceURI":"http://gateway.marvel.com/v1/public/series/6079","name":"Adam: Legend of the Blue Marvel (2008)"},{"resourceURI":"http://gateway.marvel.com/v1/public/series/27392","name":"Aero (2019 - 2020)"},{"resourceURI":"http://gateway.marvel.com/v1/public/series/9790","name":"Age of Heroes (2010)"},{"resourceURI":"http://gateway.marvel.com/v1/public/series/24380","name":"Age of Innocence: The Rebirth of Iron Man (1996)"},{"resourceURI":"http://gateway.marvel.com/v1/public/series/13896","name":"Age of X: Universe (2011)"},{"resourceURI":"http://gateway.marvel.com/v1/public/series/4897","name":"All-New Iron Manual (2008)"},{"resourceURI":"http://gateway.marvel.com/v1/public/series/20443","name":"All-New, All-Different Avengers (2015 - 2016)"},{"resourceURI":"http://gateway.marvel.com/v1/public/series/2116","name":"Alpha Flight (1983 - 1994)"},{"resourceURI":"http://gateway.marvel.com/v1/public/series/454","name":"Amazing Spider-Man (1999 - 2013)"},{"resourceURI":"http://gateway.marvel.com/v1/public/series/2984","name":"Amazing Spider-Man Annual (1964 - 2018)"},{"resourceURI":"http://gateway.marvel.com/v1/public/series/1489","name":"AMAZING SPIDER-MAN VOL. 10: NEW AVENGERS TPB (2005)"},{"resourceURI":"http://gateway.marvel.com/v1/public/series/318","name":"Amazing Spider-Man Vol. 6 (2004)"},{"resourceURI":"http://gateway.marvel.com/v1/public/series/23446","name":"Amazing Spider-Man: Worldwide Vol. 2 (2017)"},{"resourceURI":"http://gateway.marvel.com/v1/public/series/6056","name":"ANNIHILATION CLASSIC HC (2008)"},{"resourceURI":"http://gateway.marvel.com/v1/public/series/14818","name":"Annihilators: Earthfall (2011)"},{"resourceURI":"http://gateway.marvel.com/v1/public/series/14779","name":"Art of Marvel Studios TPB Slipcase (2011 - Present)"},{"resourceURI":"http://gateway.marvel.com/v1/public/series/9792","name":"Astonishing Spider-Man &amp; Wolverine (2010 - 2011)"},{"resourceURI":"http://gateway.marvel.com/v1/public/series/6792","name":"Astonishing Tales (2009)"},{"resourceURI":"http://gateway.marvel.com/v1/public/series/6697","name":"Astonishing Tales: Iron Man 2020 Digital Comic (2009)"}],"returned":20},"stories":{"available":3910,"collectionURI":"http://gateway.marvel.com/v1/public/characters/1009368/stories","items":[{"resourceURI":"http://gateway.marvel.com/v1/public/stories/670","name":"X-MEN (2004) #186","type":"cover"},{"resourceURI":"http://gateway.marvel.com/v1/public/stories/892","name":"THOR (1998) #81","type":"cover"},{"resourceURI":"http://gateway.marvel.com/v1/public/stories/960","name":"3 of ?","type":"cover"},{"resourceURI":"http://gateway.marvel.com/v1/public/stories/982","name":"Interior #982","type":"interiorStory"},{"resourceURI":"http://gateway.marvel.com/v1/public/stories/984","name":"Interior #984","type":"interiorStory"},{"resourceURI":"http://gateway.marvel.com/v1/public/stories/986","name":"Interior #986","type":"interiorStory"},{"resourceURI":"http://gateway.marvel.com/v1/public/stories/988","name":"Interior #988","type":"interiorStory"},{"resourceURI":"http://gateway.marvel.com/v1/public/stories/990","name":"Interior #990","type":"interiorStory"},{"resourceURI":"http://gateway.marvel.com/v1/public/stories/992","name":"Interior #992","type":"interiorStory"},{"resourceURI":"http://gateway.marvel.com/v1/public/stories/994","name":"Interior #994","type":"interiorStory"},{"resourceURI":"http://gateway.marvel.com/v1/public/stories/996","name":"Interior #996","type":"interiorStory"},{"resourceURI":"http://gateway.marvel.com/v1/public/stories/998","name":"Interior #998","type":"interiorStory"},{"resourceURI":"http://gateway.marvel.com/v1/public/stories/1000","name":"Interior #1000","type":"interiorStory"},{"resourceURI":"http://gateway.marvel.com/v1/public/stories/1002","name":"AVENGERS DISASSEMBLED TIE-IN! Still reeling from recent traumas, Iron Man must face off against his evil doppelganger. Meanwhile","type":"interiorStory"},{"resourceURI":"http://gateway.marvel.com/v1/public/stories/1004","name":"\"THE SINGULARITY\" CONCLUSION! PART 4 (OF 4) The battle rages on between Iron Man and his doppelganger, but only one of them can ","type":"interiorStory"},{"resourceURI":"http://gateway.marvel.com/v1/public/stories/1018","name":"Amazing Spider-Man (1999) #500","type":"cover"},{"resourceURI":"http://gateway.marvel.com/v1/public/stories/1024","name":"Avengers (1998) #80","type":"cover"},{"resourceURI":"http://gateway.marvel.com/v1/public/stories/1026","name":"Avengers (1998) #81","type":"cover"},{"resourceURI":"http://gateway.marvel.com/v1/public/stories/1041","name":"Avengers (1998) #502","type":"interiorStory"},{"resourceURI":"http://gateway.marvel.com/v1/public/stories/1051","name":"Interior #1051","type":"interiorStory"}],"returned":20},"events":{"available":31,"collectionURI":"http://gateway.marvel.com/v1/public/characters/1009368/events","items":[{"resourceURI":"http://gateway.marvel.com/v1/public/events/116","name":"Acts of Vengeance!"},{"resourceURI":"http://gateway.marvel.com/v1/public/events/303","name":"Age of X"},{"resourceURI":"http://gateway.marvel.com/v1/public/events/231","name":"Armor Wars"},{"resourceURI":"http://gateway.marvel.com/v1/public/events/233","name":"Atlantis Attacks"},{"resourceURI":"http://gateway.marvel.com/v1/public/events/234","name":"Avengers Disassembled"},{"resourceURI":"http://gateway.marvel.com/v1/public/events/310","name":"Avengers VS X-Men"},{"resourceURI":"http://gateway.marvel.com/v1/public/events/296","name":"Chaos War"},{"resourceURI":"http://gateway.marvel.com/v1/public/events/238","name":"Civil War"},{"resourceURI":"http://gateway.marvel.com/v1/public/events/239","name":"Crossing"},{"resourceURI":"http://gateway.marvel.com/v1/public/events/318","name":"Dark Reign"},{"resourceURI":"http://gateway.marvel.com/v1/public/events/245","name":"Enemy of the State"},{"resourceURI":"http://gateway.marvel.com/v1/public/events/249","name":"Fatal Attractions"},{"resourceURI":"http://gateway.marvel.com/v1/public/events/302","name":"Fear Itself"},{"resourceURI":"http://gateway.marvel.com/v1/public/events/251","name":"House of M"},{"resourceURI":"http://gateway.marvel.com/v1/public/events/315","name":"Infinity"},{"resourceURI":"http://gateway.marvel.com/v1/public/events/29","name":"Infinity War"},{"resourceURI":"http://gateway.marvel.com/v1/public/events/317","name":"Inhumanity"},{"resourceURI":"http://gateway.marvel.com/v1/public/events/255","name":"Initiative"},{"resourceURI":"http://gateway.marvel.com/v1/public/events/37","name":"Maximum Security"},{"resourceURI":"http://gateway.marvel.com/v1/public/events/154","name":"Onslaught"}],"returned":20},"urls":[{"type":"detail","url":"http://marvel.com... (set the log level to DEBUG or TRACE to see the full content) 
 </msg>
<msg timestamp="20210909 19:27:07.981" level="INFO">${RespostaId} = &lt;Response [200]&gt;</msg>
<status status="PASS" starttime="20210909 19:27:07.078" endtime="20210909 19:27:07.981"/>
</kw>
<kw name="Log" library="BuiltIn">
<arg>Resposta: ${RespostaId.json()}</arg>
<doc>Logs the given message with the given level.</doc>
<msg timestamp="20210909 19:27:07.984" level="INFO">Resposta: {'code': 200, 'status': 'Ok', 'copyright': '© 2021 MARVEL', 'attributionText': 'Data provided by Marvel. © 2021 MARVEL', 'attributionHTML': '&lt;a href="http://marvel.com"&gt;Data provided by Marvel. © 2021 MARVEL&lt;/a&gt;', 'etag': '8550958032eaf32f275ed6fec6b35f7d5f4020f6', 'data': {'offset': 0, 'limit': 20, 'total': 1, 'count': 1, 'results': [{'id': 1009368, 'name': 'Iron Man', 'description': 'Wounded, captured and forced to build a weapon by his enemies, billionaire industrialist Tony Stark instead created an advanced suit of armor to save his life and escape captivity. Now with a new outlook on life, Tony uses his money and intelligence to make the world a safer, better place as Iron Man.', 'modified': '2016-09-28T12:08:19-0400', 'thumbnail': {'path': 'http://i.annihil.us/u/prod/marvel/i/mg/9/c0/527bb7b37ff55', 'extension': 'jpg'}, 'resourceURI': 'http://gateway.marvel.com/v1/public/characters/1009368', 'comics': {'available': 2584, 'collectionURI': 'http://gateway.marvel.com/v1/public/characters/1009368/comics', 'items': [{'resourceURI': 'http://gateway.marvel.com/v1/public/comics/43495', 'name': 'A+X (2012) #2'}, {'resourceURI': 'http://gateway.marvel.com/v1/public/comics/43506', 'name': 'A+X (2012) #7'}, {'resourceURI': 'http://gateway.marvel.com/v1/public/comics/22461', 'name': 'Adam: Legend of the Blue Marvel (2008) #1'}, {'resourceURI': 'http://gateway.marvel.com/v1/public/comics/22856', 'name': 'Adam: Legend of the Blue Marvel (2008) #2'}, {'resourceURI': 'http://gateway.marvel.com/v1/public/comics/23733', 'name': 'Adam: Legend of the Blue Marvel (2008) #5'}, {'resourceURI': 'http://gateway.marvel.com/v1/public/comics/76359', 'name': 'Aero (2019) #11'}, {'resourceURI': 'http://gateway.marvel.com/v1/public/comics/76360', 'name': 'Aero (2019) #12'}, {'resourceURI': 'http://gateway.marvel.com/v1/public/comics/30090', 'name': 'Age of Heroes (2010) #1'}, {'resourceURI': 'http://gateway.marvel.com/v1/public/comics/33566', 'name': 'Age of Heroes (2010) #2'}, {'resourceURI': 'http://gateway.marvel.com/v1/public/comics/30092', 'name': 'Age of Heroes (2010) #3'}, {'resourceURI': 'http://gateway.marvel.com/v1/public/comics/30093', 'name': 'Age of Heroes (2010) #4'}, {'resourceURI': 'http://gateway.marvel.com/v1/public/comics/67603', 'name': 'Age of Innocence: The Rebirth of Iron Man (1996) #1'}, {'resourceURI': 'http://gateway.marvel.com/v1/public/comics/38524', 'name': 'Age of X: Universe (2011) #1'}, {'resourceURI': 'http://gateway.marvel.com/v1/public/comics/38523', 'name': 'Age of X: Universe (2011) #2'}, {'resourceURI': 'http://gateway.marvel.com/v1/public/comics/21280', 'name': 'All-New Iron Manual (2008) #1'}, {'resourceURI': 'http://gateway.marvel.com/v1/public/comics/55363', 'name': 'All-New, All-Different Avengers (2015) #10'}, {'resourceURI': 'http://gateway.marvel.com/v1/public/comics/55364', 'name': 'All-New, All-Different Avengers (2015) #11'}, {'resourceURI': 'http://gateway.marvel.com/v1/public/comics/12653', 'name': 'Alpha Flight (1983) #113'}, {'resourceURI': 'http://gateway.marvel.com/v1/public/comics/12668', 'name': 'Alpha Flight (1983) #127'}, {'resourceURI': 'http://gateway.marvel.com/v1/public/comics/55311', 'name': 'The Amazing Spider-Man (2015) #13'}], 'returned': 20}, 'series': {'available': 633, 'collectionURI': 'http://gateway.marvel.com/v1/public/characters/1009368/series', 'items': [{'resourceURI': 'http://gateway.marvel.com/v1/public/series/16450', 'name': 'A+X (2012 - 2014)'}, {'resourceURI': 'http://gateway.marvel.com/v1/public/series/6079', 'name': 'Adam: Legend of the Blue Marvel (2008)'}, {'resourceURI': 'http://gateway.marvel.com/v1/public/series/27392', 'name': 'Aero (2019 - 2020)'}, {'resourceURI': 'http://gateway.marvel.com/v1/public/series/9790', 'name': 'Age of Heroes (2010)'}, {'resourceURI': 'http://gateway.marvel.com/v1/public/series/24380', 'name': 'Age of Innocence: The Rebirth of Iron Man (1996)'}, {'resourceURI': 'http://gateway.marvel.com/v1/public/series/13896', 'name': 'Age of X: Universe (2011)'}, {'resourceURI': 'http://gateway.marvel.com/v1/public/series/4897', 'name': 'All-New Iron Manual (2008)'}, {'resourceURI': 'http://gateway.marvel.com/v1/public/series/20443', 'name': 'All-New, All-Different Avengers (2015 - 2016)'}, {'resourceURI': 'http://gateway.marvel.com/v1/public/series/2116', 'name': 'Alpha Flight (1983 - 1994)'}, {'resourceURI': 'http://gateway.marvel.com/v1/public/series/454', 'name': 'Amazing Spider-Man (1999 - 2013)'}, {'resourceURI': 'http://gateway.marvel.com/v1/public/series/2984', 'name': 'Amazing Spider-Man Annual (1964 - 2018)'}, {'resourceURI': 'http://gateway.marvel.com/v1/public/series/1489', 'name': 'AMAZING SPIDER-MAN VOL. 10: NEW AVENGERS TPB (2005)'}, {'resourceURI': 'http://gateway.marvel.com/v1/public/series/318', 'name': 'Amazing Spider-Man Vol. 6 (2004)'}, {'resourceURI': 'http://gateway.marvel.com/v1/public/series/23446', 'name': 'Amazing Spider-Man: Worldwide Vol. 2 (2017)'}, {'resourceURI': 'http://gateway.marvel.com/v1/public/series/6056', 'name': 'ANNIHILATION CLASSIC HC (2008)'}, {'resourceURI': 'http://gateway.marvel.com/v1/public/series/14818', 'name': 'Annihilators: Earthfall (2011)'}, {'resourceURI': 'http://gateway.marvel.com/v1/public/series/14779', 'name': 'Art of Marvel Studios TPB Slipcase (2011 - Present)'}, {'resourceURI': 'http://gateway.marvel.com/v1/public/series/9792', 'name': 'Astonishing Spider-Man &amp; Wolverine (2010 - 2011)'}, {'resourceURI': 'http://gateway.marvel.com/v1/public/series/6792', 'name': 'Astonishing Tales (2009)'}, {'resourceURI': 'http://gateway.marvel.com/v1/public/series/6697', 'name': 'Astonishing Tales: Iron Man 2020 Digital Comic (2009)'}], 'returned': 20}, 'stories': {'available': 3910, 'collectionURI': 'http://gateway.marvel.com/v1/public/characters/1009368/stories', 'items': [{'resourceURI': 'http://gateway.marvel.com/v1/public/stories/670', 'name': 'X-MEN (2004) #186', 'type': 'cover'}, {'resourceURI': 'http://gateway.marvel.com/v1/public/stories/892', 'name': 'THOR (1998) #81', 'type': 'cover'}, {'resourceURI': 'http://gateway.marvel.com/v1/public/stories/960', 'name': '3 of ?', 'type': 'cover'}, {'resourceURI': 'http://gateway.marvel.com/v1/public/stories/982', 'name': 'Interior #982', 'type': 'interiorStory'}, {'resourceURI': 'http://gateway.marvel.com/v1/public/stories/984', 'name': 'Interior #984', 'type': 'interiorStory'}, {'resourceURI': 'http://gateway.marvel.com/v1/public/stories/986', 'name': 'Interior #986', 'type': 'interiorStory'}, {'resourceURI': 'http://gateway.marvel.com/v1/public/stories/988', 'name': 'Interior #988', 'type': 'interiorStory'}, {'resourceURI': 'http://gateway.marvel.com/v1/public/stories/990', 'name': 'Interior #990', 'type': 'interiorStory'}, {'resourceURI': 'http://gateway.marvel.com/v1/public/stories/992', 'name': 'Interior #992', 'type': 'interiorStory'}, {'resourceURI': 'http://gateway.marvel.com/v1/public/stories/994', 'name': 'Interior #994', 'type': 'interiorStory'}, {'resourceURI': 'http://gateway.marvel.com/v1/public/stories/996', 'name': 'Interior #996', 'type': 'interiorStory'}, {'resourceURI': 'http://gateway.marvel.com/v1/public/stories/998', 'name': 'Interior #998', 'type': 'interiorStory'}, {'resourceURI': 'http://gateway.marvel.com/v1/public/stories/1000', 'name': 'Interior #1000', 'type': 'interiorStory'}, {'resourceURI': 'http://gateway.marvel.com/v1/public/stories/1002', 'name': 'AVENGERS DISASSEMBLED TIE-IN! Still reeling from recent traumas, Iron Man must face off against his evil doppelganger. Meanwhile', 'type': 'interiorStory'}, {'resourceURI': 'http://gateway.marvel.com/v1/public/stories/1004', 'name': '"THE SINGULARITY" CONCLUSION! PART 4 (OF 4) The battle rages on between Iron Man and his doppelganger, but only one of them can ', 'type': 'interiorStory'}, {'resourceURI': 'http://gateway.marvel.com/v1/public/stories/1018', 'name': 'Amazing Spider-Man (1999) #500', 'type': 'cover'}, {'resourceURI': 'http://gateway.marvel.com/v1/public/stories/1024', 'name': 'Avengers (1998) #80', 'type': 'cover'}, {'resourceURI': 'http://gateway.marvel.com/v1/public/stories/1026', 'name': 'Avengers (1998) #81', 'type': 'cover'}, {'resourceURI': 'http://gateway.marvel.com/v1/public/stories/1041', 'name': 'Avengers (1998) #502', 'type': 'interiorStory'}, {'resourceURI': 'http://gateway.marvel.com/v1/public/stories/1051', 'name': 'Interior #1051', 'type': 'interiorStory'}], 'returned': 20}, 'events': {'available': 31, 'collectionURI': 'http://gateway.marvel.com/v1/public/characters/1009368/events', 'items': [{'resourceURI': 'http://gateway.marvel.com/v1/public/events/116', 'name': 'Acts of Vengeance!'}, {'resourceURI': 'http://gateway.marvel.com/v1/public/events/303', 'name': 'Age of X'}, {'resourceURI': 'http://gateway.marvel.com/v1/public/events/231', 'name': 'Armor Wars'}, {'resourceURI': 'http://gateway.marvel.com/v1/public/events/233', 'name': 'Atlantis Attacks'}, {'resourceURI': 'http://gateway.marvel.com/v1/public/events/234', 'name': 'Avengers Disassembled'}, {'resourceURI': 'http://gateway.marvel.com/v1/public/events/310', 'name': 'Avengers VS X-Men'}, {'resourceURI': 'http://gateway.marvel.com/v1/public/events/296', 'name': 'Chaos War'}, {'resourceURI': 'http://gateway.marvel.com/v1/public/events/238', 'name': 'Civil War'}, {'resourceURI': 'http://gateway.marvel.com/v1/public/events/239', 'name': 'Crossing'}, {'resourceURI': 'http://gateway.marvel.com/v1/public/events/318', 'name': 'Dark Reign'}, {'resourceURI': 'http://gateway.marvel.com/v1/public/events/245', 'name': 'Enemy of the State'}, {'resourceURI': 'http://gateway.marvel.com/v1/public/events/249', 'name': 'Fatal Attractions'}, {'resourceURI': 'http://gateway.marvel.com/v1/public/events/302', 'name': 'Fear Itself'}, {'resourceURI': 'http://gateway.marvel.com/v1/public/events/251', 'name': 'House of M'}, {'resourceURI': 'http://gateway.marvel.com/v1/public/events/315', 'name': 'Infinity'}, {'resourceURI': 'http://gateway.marvel.com/v1/public/events/29', 'name': 'Infinity War'}, {'resourceURI': 'http://gateway.marvel.com/v1/public/events/317', 'name': 'Inhumanity'}, {'resourceURI': 'http://gateway.marvel.com/v1/public/events/255', 'name': 'Initiative'}, {'resourceURI': 'http://gateway.marvel.com/v1/public/events/37', 'name': 'Maximum Security'}, {'resourceURI': 'http://gateway.marvel.com/v1/public/events/154', 'name': 'Onslaught'}], 'returned': 20}, 'urls': [{'type': 'detail', 'url': 'http://marvel.com/characters/29/iron_man?utm_campaign=apiRef&amp;utm_source=e9e22f92431df9f73920f281caabb68c'}, {'type': 'wiki', 'url': 'http://marvel.com/universe/Iron_Man_(Anthony_Stark)?utm_campaign=apiRef&amp;utm_source=e9e22f92431df9f73920f281caabb68c'}, {'type': 'comiclink', 'url': 'http://marvel.com/comics/characters/1009368/iron_man?utm_campaign=apiRef&amp;utm_source=e9e22f92431df9f73920f281caabb68c'}]}]}}</msg>
<status status="PASS" starttime="20210909 19:27:07.982" endtime="20210909 19:27:07.986"/>
</kw>
<kw name="Set Suite Variable" library="BuiltIn">
<arg>${RespostaId}</arg>
<doc>Makes a variable available everywhere within the scope of the current suite.</doc>
<msg timestamp="20210909 19:27:07.988" level="INFO">${RespostaId} = &lt;Response [200]&gt;</msg>
<status status="PASS" starttime="20210909 19:27:07.987" endtime="20210909 19:27:07.988"/>
</kw>
<status status="PASS" starttime="20210909 19:27:07.077" endtime="20210909 19:27:07.989"/>
</kw>
<status status="PASS" starttime="20210909 19:27:07.076" endtime="20210909 19:27:07.990"/>
</test>
<test id="s1-t2" name="Validando status code">
<kw name="Conferindo status code" library="Steps">
<arg>${STATUS_ESPERADO}</arg>
<kw name="Should Be Equal As Strings" library="BuiltIn">
<arg>${RespostaId.status_code}</arg>
<arg>${STATUS_ESPERADO}</arg>
<doc>Fails if objects are unequal after converting them to strings.</doc>
<msg timestamp="20210909 19:27:08.001" level="INFO">Argument types are:
&lt;class 'int'&gt;
&lt;type 'unicode'&gt;</msg>
<status status="PASS" starttime="20210909 19:27:08.000" endtime="20210909 19:27:08.001"/>
</kw>
<kw name="Log" library="BuiltIn">
<arg>Status Code Retornado: ${RespostaId.status_code} -- Status Code Esperado: ${STATUS_ESPERADO}</arg>
<doc>Logs the given message with the given level.</doc>
<msg timestamp="20210909 19:27:08.004" level="INFO">Status Code Retornado: 200 -- Status Code Esperado: 200</msg>
<status status="PASS" starttime="20210909 19:27:08.002" endtime="20210909 19:27:08.004"/>
</kw>
<status status="PASS" starttime="20210909 19:27:07.998" endtime="20210909 19:27:08.005"/>
</kw>
<status status="PASS" starttime="20210909 19:27:07.997" endtime="20210909 19:27:08.005"/>
</test>
<doc>Busca de personagem especifico na API MARVEL</doc>
<status status="PASS" starttime="20210909 19:27:06.920" endtime="20210909 19:27:08.012"/>
</suite>
<statistics>
<total>
<stat pass="2" fail="0" skip="0">All Tests</stat>
</total>
<tag>
</tag>
<suite>
<stat pass="2" fail="0" skip="0" id="s1" name="List Specific Character">List Specific Character</stat>
</suite>
</statistics>
<errors>
</errors>
</robot>
